python3: can't open file '/home/ubuntu/bus-open-data/main.py': [Errno 2] No such file or directory
2024-06-25 07:12:24,444 - INFO - Start data fetching...
2024-06-25 07:12:24,444 - INFO - Start data fetching...
/home/ubuntu/bus-open-data/ec2.py:110: DeprecationWarning: The default datetime adapter is deprecated as of Python 3.12; see the sqlite3 documentation for suggested replacement recipes
  c.execute(sql, (
2024-06-25 07:12:27,045 - INFO - Data fetched and inserted successfully
2024-06-25 07:12:27,045 - INFO - Data fetched and inserted successfully
2024-06-25 07:12:27,048 - INFO - Done with iteration. Sleeping...
2024-06-25 07:12:27,048 - INFO - Done with iteration. Sleeping...
2024-06-25 07:12:37,048 - INFO - Start data fetching...
2024-06-25 07:12:37,048 - INFO - Start data fetching...
2024-06-25 07:12:39,788 - INFO - Data fetched and inserted successfully
2024-06-25 07:12:39,788 - INFO - Data fetched and inserted successfully
2024-06-25 07:12:39,791 - INFO - Done with iteration. Sleeping...
2024-06-25 07:12:39,791 - INFO - Done with iteration. Sleeping...
2024-06-25 07:12:49,792 - INFO - Start data fetching...
2024-06-25 07:12:49,792 - INFO - Start data fetching...
2024-06-25 07:12:52,545 - INFO - Data fetched and inserted successfully
2024-06-25 07:12:52,545 - INFO - Data fetched and inserted successfully
2024-06-25 07:12:52,548 - INFO - Done with iteration. Sleeping...
2024-06-25 07:12:52,548 - INFO - Done with iteration. Sleeping...
2024-06-25 07:13:02,549 - INFO - Start data fetching...
2024-06-25 07:13:02,549 - INFO - Start data fetching...
2024-06-25 07:13:05,203 - INFO - Data fetched and inserted successfully
2024-06-25 07:13:05,203 - INFO - Data fetched and inserted successfully
2024-06-25 07:13:05,206 - INFO - Done with iteration. Sleeping...
2024-06-25 07:13:05,206 - INFO - Done with iteration. Sleeping...
2024-06-25 07:13:15,207 - INFO - Start data fetching...
2024-06-25 07:13:15,207 - INFO - Start data fetching...
2024-06-25 07:13:17,834 - INFO - Data fetched and inserted successfully
2024-06-25 07:13:17,834 - INFO - Data fetched and inserted successfully
2024-06-25 07:13:17,837 - INFO - Done with iteration. Sleeping...
2024-06-25 07:13:17,837 - INFO - Done with iteration. Sleeping...
2024-06-25 07:13:27,838 - INFO - Start data fetching...
2024-06-25 07:13:27,838 - INFO - Start data fetching...
2024-06-25 07:13:30,543 - INFO - Data fetched and inserted successfully
2024-06-25 07:13:30,543 - INFO - Data fetched and inserted successfully
2024-06-25 07:13:30,547 - INFO - Done with iteration. Sleeping...
2024-06-25 07:13:30,547 - INFO - Done with iteration. Sleeping...
2024-06-25 07:13:40,547 - INFO - Start data fetching...
2024-06-25 07:13:40,547 - INFO - Start data fetching...
2024-06-25 07:13:43,051 - INFO - Data fetched and inserted successfully
2024-06-25 07:13:43,051 - INFO - Data fetched and inserted successfully
2024-06-25 07:13:43,055 - INFO - Done with iteration. Sleeping...
2024-06-25 07:13:43,055 - INFO - Done with iteration. Sleeping...
2024-06-25 07:13:53,055 - INFO - Start data fetching...
2024-06-25 07:13:53,055 - INFO - Start data fetching...
2024-06-25 07:13:55,771 - INFO - Data fetched and inserted successfully
2024-06-25 07:13:55,771 - INFO - Data fetched and inserted successfully
2024-06-25 07:13:55,775 - INFO - Done with iteration. Sleeping...
2024-06-25 07:13:55,775 - INFO - Done with iteration. Sleeping...
2024-06-25 07:14:05,775 - INFO - Start data fetching...
2024-06-25 07:14:05,775 - INFO - Start data fetching...
2024-06-25 07:14:08,380 - INFO - Data fetched and inserted successfully
2024-06-25 07:14:08,380 - INFO - Data fetched and inserted successfully
2024-06-25 07:14:08,384 - INFO - Done with iteration. Sleeping...
2024-06-25 07:14:08,384 - INFO - Done with iteration. Sleeping...
2024-06-25 07:14:18,384 - INFO - Start data fetching...
2024-06-25 07:14:18,384 - INFO - Start data fetching...
2024-06-25 07:14:21,057 - INFO - Data fetched and inserted successfully
2024-06-25 07:14:21,057 - INFO - Data fetched and inserted successfully
2024-06-25 07:14:21,060 - INFO - Done with iteration. Sleeping...
2024-06-25 07:14:21,060 - INFO - Done with iteration. Sleeping...
2024-06-25 07:14:31,061 - INFO - Start data fetching...
2024-06-25 07:14:31,061 - INFO - Start data fetching...
2024-06-25 07:14:33,785 - INFO - Data fetched and inserted successfully
2024-06-25 07:14:33,785 - INFO - Data fetched and inserted successfully
2024-06-25 07:14:33,788 - INFO - Done with iteration. Sleeping...
2024-06-25 07:14:33,788 - INFO - Done with iteration. Sleeping...
2024-06-25 07:14:43,789 - INFO - Start data fetching...
2024-06-25 07:14:43,789 - INFO - Start data fetching...
2024-06-25 07:14:46,375 - INFO - Data fetched and inserted successfully
2024-06-25 07:14:46,375 - INFO - Data fetched and inserted successfully
2024-06-25 07:14:46,378 - INFO - Done with iteration. Sleeping...
2024-06-25 07:14:46,378 - INFO - Done with iteration. Sleeping...
2024-06-25 07:14:56,379 - INFO - Start data fetching...
2024-06-25 07:14:56,379 - INFO - Start data fetching...
2024-06-25 07:14:58,943 - INFO - Data fetched and inserted successfully
2024-06-25 07:14:58,943 - INFO - Data fetched and inserted successfully
2024-06-25 07:14:58,947 - INFO - Done with iteration. Sleeping...
2024-06-25 07:14:58,947 - INFO - Done with iteration. Sleeping...
2024-06-25 07:15:08,947 - INFO - Start data fetching...
2024-06-25 07:15:08,947 - INFO - Start data fetching...
2024-06-25 07:15:11,448 - INFO - Data fetched and inserted successfully
2024-06-25 07:15:11,448 - INFO - Data fetched and inserted successfully
2024-06-25 07:15:11,452 - INFO - Done with iteration. Sleeping...
2024-06-25 07:15:11,452 - INFO - Done with iteration. Sleeping...
2024-06-25 07:15:21,453 - INFO - Start data fetching...
2024-06-25 07:15:21,453 - INFO - Start data fetching...
2024-06-25 07:15:24,171 - INFO - Data fetched and inserted successfully
2024-06-25 07:15:24,171 - INFO - Data fetched and inserted successfully
2024-06-25 07:15:24,175 - INFO - Done with iteration. Sleeping...
2024-06-25 07:15:24,175 - INFO - Done with iteration. Sleeping...
2024-06-25 07:15:34,175 - INFO - Start data fetching...
2024-06-25 07:15:34,175 - INFO - Start data fetching...
2024-06-25 07:15:36,679 - INFO - Data fetched and inserted successfully
2024-06-25 07:15:36,679 - INFO - Data fetched and inserted successfully
2024-06-25 07:15:36,682 - INFO - Done with iteration. Sleeping...
2024-06-25 07:15:36,682 - INFO - Done with iteration. Sleeping...
2024-06-25 07:15:46,683 - INFO - Start data fetching...
2024-06-25 07:15:46,683 - INFO - Start data fetching...
2024-06-25 07:15:49,218 - INFO - Data fetched and inserted successfully
2024-06-25 07:15:49,218 - INFO - Data fetched and inserted successfully
2024-06-25 07:15:49,222 - INFO - Done with iteration. Sleeping...
2024-06-25 07:15:49,222 - INFO - Done with iteration. Sleeping...
2024-06-25 07:15:59,223 - INFO - Start data fetching...
2024-06-25 07:15:59,223 - INFO - Start data fetching...
2024-06-25 07:16:01,719 - INFO - Data fetched and inserted successfully
2024-06-25 07:16:01,719 - INFO - Data fetched and inserted successfully
2024-06-25 07:16:01,723 - INFO - Done with iteration. Sleeping...
2024-06-25 07:16:01,723 - INFO - Done with iteration. Sleeping...
2024-06-25 07:16:11,724 - INFO - Start data fetching...
2024-06-25 07:16:11,724 - INFO - Start data fetching...
2024-06-25 07:16:14,321 - INFO - Data fetched and inserted successfully
2024-06-25 07:16:14,321 - INFO - Data fetched and inserted successfully
2024-06-25 07:16:14,325 - INFO - Done with iteration. Sleeping...
2024-06-25 07:16:14,325 - INFO - Done with iteration. Sleeping...
2024-06-25 07:16:24,325 - INFO - Start data fetching...
2024-06-25 07:16:24,325 - INFO - Start data fetching...
2024-06-25 07:16:26,958 - INFO - Data fetched and inserted successfully
2024-06-25 07:16:26,958 - INFO - Data fetched and inserted successfully
2024-06-25 07:16:26,962 - INFO - Done with iteration. Sleeping...
2024-06-25 07:16:26,962 - INFO - Done with iteration. Sleeping...
2024-06-25 07:16:36,962 - INFO - Start data fetching...
2024-06-25 07:16:36,962 - INFO - Start data fetching...
2024-06-25 07:16:39,603 - INFO - Data fetched and inserted successfully
2024-06-25 07:16:39,603 - INFO - Data fetched and inserted successfully
2024-06-25 07:16:39,607 - INFO - Done with iteration. Sleeping...
2024-06-25 07:16:39,607 - INFO - Done with iteration. Sleeping...
2024-06-25 07:16:49,607 - INFO - Start data fetching...
2024-06-25 07:16:49,607 - INFO - Start data fetching...
2024-06-25 07:16:52,237 - INFO - Data fetched and inserted successfully
2024-06-25 07:16:52,237 - INFO - Data fetched and inserted successfully
2024-06-25 07:16:52,241 - INFO - Done with iteration. Sleeping...
2024-06-25 07:16:52,241 - INFO - Done with iteration. Sleeping...
2024-06-25 07:17:02,242 - INFO - Start data fetching...
2024-06-25 07:17:02,242 - INFO - Start data fetching...
2024-06-25 07:17:04,894 - INFO - Data fetched and inserted successfully
2024-06-25 07:17:04,894 - INFO - Data fetched and inserted successfully
2024-06-25 07:17:04,898 - INFO - Done with iteration. Sleeping...
2024-06-25 07:17:04,898 - INFO - Done with iteration. Sleeping...
2024-06-25 07:17:14,898 - INFO - Start data fetching...
2024-06-25 07:17:14,898 - INFO - Start data fetching...
2024-06-25 07:17:17,533 - INFO - Data fetched and inserted successfully
2024-06-25 07:17:17,533 - INFO - Data fetched and inserted successfully
2024-06-25 07:17:17,536 - INFO - Done with iteration. Sleeping...
2024-06-25 07:17:17,536 - INFO - Done with iteration. Sleeping...
2024-06-25 07:17:27,537 - INFO - Start data fetching...
2024-06-25 07:17:27,537 - INFO - Start data fetching...
2024-06-25 07:17:30,395 - INFO - Data fetched and inserted successfully
2024-06-25 07:17:30,395 - INFO - Data fetched and inserted successfully
2024-06-25 07:17:30,398 - INFO - Done with iteration. Sleeping...
2024-06-25 07:17:30,398 - INFO - Done with iteration. Sleeping...
2024-06-25 07:17:40,398 - INFO - Start data fetching...
2024-06-25 07:17:40,398 - INFO - Start data fetching...
2024-06-25 07:17:43,022 - INFO - Data fetched and inserted successfully
2024-06-25 07:17:43,022 - INFO - Data fetched and inserted successfully
2024-06-25 07:17:43,026 - INFO - Done with iteration. Sleeping...
2024-06-25 07:17:43,026 - INFO - Done with iteration. Sleeping...
2024-06-25 07:17:53,026 - INFO - Start data fetching...
2024-06-25 07:17:53,026 - INFO - Start data fetching...
2024-06-25 07:17:55,642 - INFO - Data fetched and inserted successfully
2024-06-25 07:17:55,642 - INFO - Data fetched and inserted successfully
2024-06-25 07:17:55,646 - INFO - Done with iteration. Sleeping...
2024-06-25 07:17:55,646 - INFO - Done with iteration. Sleeping...
2024-06-25 07:18:05,646 - INFO - Start data fetching...
2024-06-25 07:18:05,646 - INFO - Start data fetching...
2024-06-25 07:18:08,327 - INFO - Data fetched and inserted successfully
2024-06-25 07:18:08,327 - INFO - Data fetched and inserted successfully
2024-06-25 07:18:08,330 - INFO - Done with iteration. Sleeping...
2024-06-25 07:18:08,330 - INFO - Done with iteration. Sleeping...
2024-06-25 07:18:18,330 - INFO - Start data fetching...
2024-06-25 07:18:18,330 - INFO - Start data fetching...
2024-06-25 07:18:20,897 - INFO - Data fetched and inserted successfully
2024-06-25 07:18:20,897 - INFO - Data fetched and inserted successfully
2024-06-25 07:18:20,901 - INFO - Done with iteration. Sleeping...
2024-06-25 07:18:20,901 - INFO - Done with iteration. Sleeping...
2024-06-25 07:18:30,902 - INFO - Start data fetching...
2024-06-25 07:18:30,902 - INFO - Start data fetching...
2024-06-25 07:18:33,945 - INFO - Data fetched and inserted successfully
2024-06-25 07:18:33,945 - INFO - Data fetched and inserted successfully
2024-06-25 07:18:33,949 - INFO - Done with iteration. Sleeping...
2024-06-25 07:18:33,949 - INFO - Done with iteration. Sleeping...
2024-06-25 07:18:43,949 - INFO - Start data fetching...
2024-06-25 07:18:43,949 - INFO - Start data fetching...
2024-06-25 07:18:46,572 - INFO - Data fetched and inserted successfully
2024-06-25 07:18:46,572 - INFO - Data fetched and inserted successfully
2024-06-25 07:18:46,575 - INFO - Done with iteration. Sleeping...
2024-06-25 07:18:46,575 - INFO - Done with iteration. Sleeping...
2024-06-25 07:18:56,575 - INFO - Start data fetching...
2024-06-25 07:18:56,575 - INFO - Start data fetching...
2024-06-25 07:18:59,254 - INFO - Data fetched and inserted successfully
2024-06-25 07:18:59,254 - INFO - Data fetched and inserted successfully
2024-06-25 07:18:59,258 - INFO - Done with iteration. Sleeping...
2024-06-25 07:18:59,258 - INFO - Done with iteration. Sleeping...
2024-06-25 07:19:09,258 - INFO - Start data fetching...
2024-06-25 07:19:09,258 - INFO - Start data fetching...
2024-06-25 07:19:11,987 - INFO - Data fetched and inserted successfully
2024-06-25 07:19:11,987 - INFO - Data fetched and inserted successfully
2024-06-25 07:19:11,991 - INFO - Done with iteration. Sleeping...
2024-06-25 07:19:11,991 - INFO - Done with iteration. Sleeping...
2024-06-25 07:19:21,991 - INFO - Start data fetching...
2024-06-25 07:19:21,991 - INFO - Start data fetching...
2024-06-25 07:19:24,517 - INFO - Data fetched and inserted successfully
2024-06-25 07:19:24,517 - INFO - Data fetched and inserted successfully
2024-06-25 07:19:24,521 - INFO - Done with iteration. Sleeping...
2024-06-25 07:19:24,521 - INFO - Done with iteration. Sleeping...
2024-06-25 07:19:34,521 - INFO - Start data fetching...
2024-06-25 07:19:34,521 - INFO - Start data fetching...
2024-06-25 07:19:37,276 - INFO - Data fetched and inserted successfully
2024-06-25 07:19:37,276 - INFO - Data fetched and inserted successfully
2024-06-25 07:19:37,280 - INFO - Done with iteration. Sleeping...
2024-06-25 07:19:37,280 - INFO - Done with iteration. Sleeping...
2024-06-25 07:19:47,280 - INFO - Start data fetching...
2024-06-25 07:19:47,280 - INFO - Start data fetching...
2024-06-25 07:19:49,919 - INFO - Data fetched and inserted successfully
2024-06-25 07:19:49,919 - INFO - Data fetched and inserted successfully
2024-06-25 07:19:49,922 - INFO - Done with iteration. Sleeping...
2024-06-25 07:19:49,922 - INFO - Done with iteration. Sleeping...
2024-06-25 07:19:59,922 - INFO - Start data fetching...
2024-06-25 07:19:59,922 - INFO - Start data fetching...
2024-06-25 07:20:02,586 - INFO - Data fetched and inserted successfully
2024-06-25 07:20:02,586 - INFO - Data fetched and inserted successfully
2024-06-25 07:20:02,590 - INFO - Done with iteration. Sleeping...
2024-06-25 07:20:02,590 - INFO - Done with iteration. Sleeping...
2024-06-25 07:20:12,590 - INFO - Start data fetching...
2024-06-25 07:20:12,590 - INFO - Start data fetching...
2024-06-25 07:20:15,247 - INFO - Data fetched and inserted successfully
2024-06-25 07:20:15,247 - INFO - Data fetched and inserted successfully
2024-06-25 07:20:15,251 - INFO - Done with iteration. Sleeping...
2024-06-25 07:20:15,251 - INFO - Done with iteration. Sleeping...
2024-06-25 07:20:25,251 - INFO - Start data fetching...
2024-06-25 07:20:25,251 - INFO - Start data fetching...
2024-06-25 07:20:27,835 - INFO - Data fetched and inserted successfully
2024-06-25 07:20:27,835 - INFO - Data fetched and inserted successfully
2024-06-25 07:20:27,839 - INFO - Done with iteration. Sleeping...
2024-06-25 07:20:27,839 - INFO - Done with iteration. Sleeping...
2024-06-25 07:20:37,840 - INFO - Start data fetching...
2024-06-25 07:20:37,840 - INFO - Start data fetching...
2024-06-25 07:20:40,448 - INFO - Data fetched and inserted successfully
2024-06-25 07:20:40,448 - INFO - Data fetched and inserted successfully
2024-06-25 07:20:40,451 - INFO - Done with iteration. Sleeping...
2024-06-25 07:20:40,451 - INFO - Done with iteration. Sleeping...
2024-06-25 07:20:50,452 - INFO - Start data fetching...
2024-06-25 07:20:50,452 - INFO - Start data fetching...
2024-06-25 07:20:53,075 - INFO - Data fetched and inserted successfully
2024-06-25 07:20:53,075 - INFO - Data fetched and inserted successfully
2024-06-25 07:20:53,079 - INFO - Done with iteration. Sleeping...
2024-06-25 07:20:53,079 - INFO - Done with iteration. Sleeping...
2024-06-25 07:21:03,080 - INFO - Start data fetching...
2024-06-25 07:21:03,080 - INFO - Start data fetching...
2024-06-25 07:21:05,626 - INFO - Data fetched and inserted successfully
2024-06-25 07:21:05,626 - INFO - Data fetched and inserted successfully
2024-06-25 07:21:05,630 - INFO - Done with iteration. Sleeping...
2024-06-25 07:21:05,630 - INFO - Done with iteration. Sleeping...
2024-06-25 07:21:15,630 - INFO - Start data fetching...
2024-06-25 07:21:15,630 - INFO - Start data fetching...
2024-06-25 07:21:18,347 - INFO - Data fetched and inserted successfully
2024-06-25 07:21:18,347 - INFO - Data fetched and inserted successfully
2024-06-25 07:21:18,350 - INFO - Done with iteration. Sleeping...
2024-06-25 07:21:18,350 - INFO - Done with iteration. Sleeping...
2024-06-25 07:21:28,350 - INFO - Start data fetching...
2024-06-25 07:21:28,350 - INFO - Start data fetching...
2024-06-25 07:21:30,959 - INFO - Data fetched and inserted successfully
2024-06-25 07:21:30,959 - INFO - Data fetched and inserted successfully
2024-06-25 07:21:30,962 - INFO - Done with iteration. Sleeping...
2024-06-25 07:21:30,962 - INFO - Done with iteration. Sleeping...
2024-06-25 07:21:40,963 - INFO - Start data fetching...
2024-06-25 07:21:40,963 - INFO - Start data fetching...
2024-06-25 07:21:43,672 - INFO - Data fetched and inserted successfully
2024-06-25 07:21:43,672 - INFO - Data fetched and inserted successfully
2024-06-25 07:21:43,675 - INFO - Done with iteration. Sleeping...
2024-06-25 07:21:43,675 - INFO - Done with iteration. Sleeping...
2024-06-25 07:21:53,675 - INFO - Start data fetching...
2024-06-25 07:21:53,675 - INFO - Start data fetching...
2024-06-25 07:21:56,329 - INFO - Data fetched and inserted successfully
2024-06-25 07:21:56,329 - INFO - Data fetched and inserted successfully
2024-06-25 07:21:56,332 - INFO - Done with iteration. Sleeping...
2024-06-25 07:21:56,332 - INFO - Done with iteration. Sleeping...
2024-06-25 07:22:06,332 - INFO - Start data fetching...
2024-06-25 07:22:06,332 - INFO - Start data fetching...
2024-06-25 07:22:08,985 - INFO - Data fetched and inserted successfully
2024-06-25 07:22:08,985 - INFO - Data fetched and inserted successfully
2024-06-25 07:22:08,988 - INFO - Done with iteration. Sleeping...
2024-06-25 07:22:08,988 - INFO - Done with iteration. Sleeping...
2024-06-25 07:22:18,989 - INFO - Start data fetching...
2024-06-25 07:22:18,989 - INFO - Start data fetching...
2024-06-25 07:22:21,638 - INFO - Data fetched and inserted successfully
2024-06-25 07:22:21,638 - INFO - Data fetched and inserted successfully
2024-06-25 07:22:21,641 - INFO - Done with iteration. Sleeping...
2024-06-25 07:22:21,641 - INFO - Done with iteration. Sleeping...
2024-06-25 07:22:31,642 - INFO - Start data fetching...
2024-06-25 07:22:31,642 - INFO - Start data fetching...
2024-06-25 07:22:34,317 - INFO - Data fetched and inserted successfully
2024-06-25 07:22:34,317 - INFO - Data fetched and inserted successfully
2024-06-25 07:22:34,321 - INFO - Done with iteration. Sleeping...
2024-06-25 07:22:34,321 - INFO - Done with iteration. Sleeping...
2024-06-25 07:22:44,321 - INFO - Start data fetching...
2024-06-25 07:22:44,321 - INFO - Start data fetching...
2024-06-25 07:22:46,867 - INFO - Data fetched and inserted successfully
2024-06-25 07:22:46,867 - INFO - Data fetched and inserted successfully
2024-06-25 07:22:46,871 - INFO - Done with iteration. Sleeping...
2024-06-25 07:22:46,871 - INFO - Done with iteration. Sleeping...
2024-06-25 07:22:56,871 - INFO - Start data fetching...
2024-06-25 07:22:56,871 - INFO - Start data fetching...
2024-06-25 07:22:59,430 - INFO - Data fetched and inserted successfully
2024-06-25 07:22:59,430 - INFO - Data fetched and inserted successfully
2024-06-25 07:22:59,433 - INFO - Done with iteration. Sleeping...
2024-06-25 07:22:59,433 - INFO - Done with iteration. Sleeping...
2024-06-25 07:23:09,433 - INFO - Start data fetching...
2024-06-25 07:23:09,433 - INFO - Start data fetching...
2024-06-25 07:23:12,100 - INFO - Data fetched and inserted successfully
2024-06-25 07:23:12,100 - INFO - Data fetched and inserted successfully
2024-06-25 07:23:12,104 - INFO - Done with iteration. Sleeping...
2024-06-25 07:23:12,104 - INFO - Done with iteration. Sleeping...
2024-06-25 07:23:22,105 - INFO - Start data fetching...
2024-06-25 07:23:22,105 - INFO - Start data fetching...
2024-06-25 07:23:24,686 - INFO - Data fetched and inserted successfully
2024-06-25 07:23:24,686 - INFO - Data fetched and inserted successfully
2024-06-25 07:23:24,690 - INFO - Done with iteration. Sleeping...
2024-06-25 07:23:24,690 - INFO - Done with iteration. Sleeping...
2024-06-25 07:23:34,690 - INFO - Start data fetching...
2024-06-25 07:23:34,690 - INFO - Start data fetching...
2024-06-25 07:23:37,314 - INFO - Data fetched and inserted successfully
2024-06-25 07:23:37,314 - INFO - Data fetched and inserted successfully
2024-06-25 07:23:37,318 - INFO - Done with iteration. Sleeping...
2024-06-25 07:23:37,318 - INFO - Done with iteration. Sleeping...
2024-06-25 07:23:47,318 - INFO - Start data fetching...
2024-06-25 07:23:47,318 - INFO - Start data fetching...
2024-06-25 07:23:49,890 - INFO - Data fetched and inserted successfully
2024-06-25 07:23:49,890 - INFO - Data fetched and inserted successfully
2024-06-25 07:23:49,893 - INFO - Done with iteration. Sleeping...
2024-06-25 07:23:49,893 - INFO - Done with iteration. Sleeping...
2024-06-25 07:23:59,894 - INFO - Start data fetching...
2024-06-25 07:23:59,894 - INFO - Start data fetching...
2024-06-25 07:24:02,806 - INFO - Data fetched and inserted successfully
2024-06-25 07:24:02,806 - INFO - Data fetched and inserted successfully
2024-06-25 07:24:02,810 - INFO - Done with iteration. Sleeping...
2024-06-25 07:24:02,810 - INFO - Done with iteration. Sleeping...
2024-06-25 07:24:12,810 - INFO - Start data fetching...
2024-06-25 07:24:12,810 - INFO - Start data fetching...
2024-06-25 07:24:15,462 - INFO - Data fetched and inserted successfully
2024-06-25 07:24:15,462 - INFO - Data fetched and inserted successfully
2024-06-25 07:24:15,466 - INFO - Done with iteration. Sleeping...
2024-06-25 07:24:15,466 - INFO - Done with iteration. Sleeping...
2024-06-25 07:24:25,466 - INFO - Start data fetching...
2024-06-25 07:24:25,466 - INFO - Start data fetching...
2024-06-25 07:24:28,121 - INFO - Data fetched and inserted successfully
2024-06-25 07:24:28,121 - INFO - Data fetched and inserted successfully
2024-06-25 07:24:28,125 - INFO - Done with iteration. Sleeping...
2024-06-25 07:24:28,125 - INFO - Done with iteration. Sleeping...
2024-06-25 07:24:38,125 - INFO - Start data fetching...
2024-06-25 07:24:38,125 - INFO - Start data fetching...
2024-06-25 07:24:40,693 - INFO - Data fetched and inserted successfully
2024-06-25 07:24:40,693 - INFO - Data fetched and inserted successfully
2024-06-25 07:24:40,697 - INFO - Done with iteration. Sleeping...
2024-06-25 07:24:40,697 - INFO - Done with iteration. Sleeping...
2024-06-25 07:24:50,697 - INFO - Start data fetching...
2024-06-25 07:24:50,697 - INFO - Start data fetching...
2024-06-25 07:24:53,345 - INFO - Data fetched and inserted successfully
2024-06-25 07:24:53,345 - INFO - Data fetched and inserted successfully
2024-06-25 07:24:53,348 - INFO - Done with iteration. Sleeping...
2024-06-25 07:24:53,348 - INFO - Done with iteration. Sleeping...
2024-06-25 07:25:03,348 - INFO - Start data fetching...
2024-06-25 07:25:03,348 - INFO - Start data fetching...
2024-06-25 07:25:05,922 - INFO - Data fetched and inserted successfully
2024-06-25 07:25:05,922 - INFO - Data fetched and inserted successfully
2024-06-25 07:25:05,926 - INFO - Done with iteration. Sleeping...
2024-06-25 07:25:05,926 - INFO - Done with iteration. Sleeping...
2024-06-25 07:25:15,926 - INFO - Start data fetching...
2024-06-25 07:25:15,926 - INFO - Start data fetching...
2024-06-25 07:25:18,633 - INFO - Data fetched and inserted successfully
2024-06-25 07:25:18,633 - INFO - Data fetched and inserted successfully
2024-06-25 07:25:18,637 - INFO - Done with iteration. Sleeping...
2024-06-25 07:25:18,637 - INFO - Done with iteration. Sleeping...
2024-06-25 07:25:28,638 - INFO - Start data fetching...
2024-06-25 07:25:28,638 - INFO - Start data fetching...
2024-06-25 07:25:31,169 - INFO - Data fetched and inserted successfully
2024-06-25 07:25:31,169 - INFO - Data fetched and inserted successfully
2024-06-25 07:25:31,173 - INFO - Done with iteration. Sleeping...
2024-06-25 07:25:31,173 - INFO - Done with iteration. Sleeping...
2024-06-25 07:25:41,173 - INFO - Start data fetching...
2024-06-25 07:25:41,173 - INFO - Start data fetching...
2024-06-25 07:25:43,782 - INFO - Data fetched and inserted successfully
2024-06-25 07:25:43,782 - INFO - Data fetched and inserted successfully
2024-06-25 07:25:43,786 - INFO - Done with iteration. Sleeping...
2024-06-25 07:25:43,786 - INFO - Done with iteration. Sleeping...
2024-06-25 07:25:53,787 - INFO - Start data fetching...
2024-06-25 07:25:53,787 - INFO - Start data fetching...
2024-06-25 07:25:56,389 - INFO - Data fetched and inserted successfully
2024-06-25 07:25:56,389 - INFO - Data fetched and inserted successfully
2024-06-25 07:25:56,393 - INFO - Done with iteration. Sleeping...
2024-06-25 07:25:56,393 - INFO - Done with iteration. Sleeping...
2024-06-25 07:26:06,393 - INFO - Start data fetching...
2024-06-25 07:26:06,393 - INFO - Start data fetching...
2024-06-25 07:26:09,106 - INFO - Data fetched and inserted successfully
2024-06-25 07:26:09,106 - INFO - Data fetched and inserted successfully
2024-06-25 07:26:09,110 - INFO - Done with iteration. Sleeping...
2024-06-25 07:26:09,110 - INFO - Done with iteration. Sleeping...
2024-06-25 07:26:19,110 - INFO - Start data fetching...
2024-06-25 07:26:19,110 - INFO - Start data fetching...
2024-06-25 07:26:21,718 - INFO - Data fetched and inserted successfully
2024-06-25 07:26:21,718 - INFO - Data fetched and inserted successfully
2024-06-25 07:26:21,721 - INFO - Done with iteration. Sleeping...
2024-06-25 07:26:21,721 - INFO - Done with iteration. Sleeping...
2024-06-25 07:26:31,722 - INFO - Start data fetching...
2024-06-25 07:26:31,722 - INFO - Start data fetching...
2024-06-25 07:26:34,375 - INFO - Data fetched and inserted successfully
2024-06-25 07:26:34,375 - INFO - Data fetched and inserted successfully
2024-06-25 07:26:34,379 - INFO - Done with iteration. Sleeping...
2024-06-25 07:26:34,379 - INFO - Done with iteration. Sleeping...
2024-06-25 07:26:44,379 - INFO - Start data fetching...
2024-06-25 07:26:44,379 - INFO - Start data fetching...
2024-06-25 07:26:46,947 - INFO - Data fetched and inserted successfully
2024-06-25 07:26:46,947 - INFO - Data fetched and inserted successfully
2024-06-25 07:26:46,950 - INFO - Done with iteration. Sleeping...
2024-06-25 07:26:46,950 - INFO - Done with iteration. Sleeping...
2024-06-25 07:26:56,951 - INFO - Start data fetching...
2024-06-25 07:26:56,951 - INFO - Start data fetching...
2024-06-25 07:26:59,597 - INFO - Data fetched and inserted successfully
2024-06-25 07:26:59,597 - INFO - Data fetched and inserted successfully
2024-06-25 07:26:59,601 - INFO - Done with iteration. Sleeping...
2024-06-25 07:26:59,601 - INFO - Done with iteration. Sleeping...
2024-06-25 07:27:09,601 - INFO - Start data fetching...
2024-06-25 07:27:09,601 - INFO - Start data fetching...
2024-06-25 07:27:12,349 - INFO - Data fetched and inserted successfully
2024-06-25 07:27:12,349 - INFO - Data fetched and inserted successfully
2024-06-25 07:27:12,353 - INFO - Done with iteration. Sleeping...
2024-06-25 07:27:12,353 - INFO - Done with iteration. Sleeping...
2024-06-25 07:27:22,353 - INFO - Start data fetching...
2024-06-25 07:27:22,353 - INFO - Start data fetching...
2024-06-25 07:27:25,057 - INFO - Data fetched and inserted successfully
2024-06-25 07:27:25,057 - INFO - Data fetched and inserted successfully
2024-06-25 07:27:25,061 - INFO - Done with iteration. Sleeping...
2024-06-25 07:27:25,061 - INFO - Done with iteration. Sleeping...
2024-06-25 07:27:35,061 - INFO - Start data fetching...
2024-06-25 07:27:35,061 - INFO - Start data fetching...
2024-06-25 07:27:37,682 - INFO - Data fetched and inserted successfully
2024-06-25 07:27:37,682 - INFO - Data fetched and inserted successfully
2024-06-25 07:27:37,685 - INFO - Done with iteration. Sleeping...
2024-06-25 07:27:37,685 - INFO - Done with iteration. Sleeping...
2024-06-25 07:27:47,685 - INFO - Start data fetching...
2024-06-25 07:27:47,685 - INFO - Start data fetching...
2024-06-25 07:27:50,392 - INFO - Data fetched and inserted successfully
2024-06-25 07:27:50,392 - INFO - Data fetched and inserted successfully
2024-06-25 07:27:50,396 - INFO - Done with iteration. Sleeping...
2024-06-25 07:27:50,396 - INFO - Done with iteration. Sleeping...
2024-06-25 07:28:00,396 - INFO - Start data fetching...
2024-06-25 07:28:00,396 - INFO - Start data fetching...
2024-06-25 07:28:03,216 - INFO - Data fetched and inserted successfully
2024-06-25 07:28:03,216 - INFO - Data fetched and inserted successfully
2024-06-25 07:28:03,220 - INFO - Done with iteration. Sleeping...
2024-06-25 07:28:03,220 - INFO - Done with iteration. Sleeping...
2024-06-25 07:28:13,221 - INFO - Start data fetching...
2024-06-25 07:28:13,221 - INFO - Start data fetching...
2024-06-25 07:28:15,885 - INFO - Data fetched and inserted successfully
2024-06-25 07:28:15,885 - INFO - Data fetched and inserted successfully
2024-06-25 07:28:15,889 - INFO - Done with iteration. Sleeping...
2024-06-25 07:28:15,889 - INFO - Done with iteration. Sleeping...
2024-06-25 07:28:25,889 - INFO - Start data fetching...
2024-06-25 07:28:25,889 - INFO - Start data fetching...
2024-06-25 07:28:28,492 - INFO - Data fetched and inserted successfully
2024-06-25 07:28:28,492 - INFO - Data fetched and inserted successfully
2024-06-25 07:28:28,496 - INFO - Done with iteration. Sleeping...
2024-06-25 07:28:28,496 - INFO - Done with iteration. Sleeping...
2024-06-25 07:28:38,496 - INFO - Start data fetching...
2024-06-25 07:28:38,496 - INFO - Start data fetching...
2024-06-25 07:28:41,037 - INFO - Data fetched and inserted successfully
2024-06-25 07:28:41,037 - INFO - Data fetched and inserted successfully
2024-06-25 07:28:41,041 - INFO - Done with iteration. Sleeping...
2024-06-25 07:28:41,041 - INFO - Done with iteration. Sleeping...
2024-06-25 07:28:51,041 - INFO - Start data fetching...
2024-06-25 07:28:51,041 - INFO - Start data fetching...
2024-06-25 07:28:53,636 - INFO - Data fetched and inserted successfully
2024-06-25 07:28:53,636 - INFO - Data fetched and inserted successfully
2024-06-25 07:28:53,640 - INFO - Done with iteration. Sleeping...
2024-06-25 07:28:53,640 - INFO - Done with iteration. Sleeping...
2024-06-25 07:29:03,640 - INFO - Start data fetching...
2024-06-25 07:29:03,640 - INFO - Start data fetching...
2024-06-25 07:29:06,338 - INFO - Data fetched and inserted successfully
2024-06-25 07:29:06,338 - INFO - Data fetched and inserted successfully
2024-06-25 07:29:06,342 - INFO - Done with iteration. Sleeping...
2024-06-25 07:29:06,342 - INFO - Done with iteration. Sleeping...
2024-06-25 07:29:16,342 - INFO - Start data fetching...
2024-06-25 07:29:16,342 - INFO - Start data fetching...
2024-06-25 07:29:18,902 - INFO - Data fetched and inserted successfully
2024-06-25 07:29:18,902 - INFO - Data fetched and inserted successfully
2024-06-25 07:29:18,906 - INFO - Done with iteration. Sleeping...
2024-06-25 07:29:18,906 - INFO - Done with iteration. Sleeping...
2024-06-25 07:29:28,907 - INFO - Start data fetching...
2024-06-25 07:29:28,907 - INFO - Start data fetching...
